"../../../Engine/Content/EditorBlueprintResources/StandardMacros.uasset" 0
"../../../SkeeTesting2/Content/Blueprints/Actor_Macros.uasset" 1
"../../../SkeeTesting2/Content/Boards/Standard/Textures_Materials/ClassicMode.uasset" 2
"../../../SkeeTesting2/Content/Boards/Standard/Textures_Materials/ClassicMode_Mat.uasset" 3
"../../../SkeeTesting2/Content/Boards/Standard/Textures_Materials/TargetMode.uasset" 4
"../../../SkeeTesting2/Content/Boards/Standard/Textures_Materials/TargetMode_Mat.uasset" 5
"../../../SkeeTesting2/Content/Boards/Standard/Meshes/ClassicMode.uasset" 6
"../../../SkeeTesting2/Content/Boards/Standard/Meshes/TargetMode.uasset" 7
"../../../SkeeTesting2/Content/Blueprint_Objects/3D_Mode_Revolve.uasset" 8
"../../../SkeeTesting2/Content/Universal_Assets/Jstick_Texture.uasset" 9
"../../../SkeeTesting2/Content/Universal_Assets/Jstick_Mat.uasset" 10
"../../../SkeeTesting2/Content/Blueprints/Enums_Structs/JStick_Behavior.uasset" 11
"../../../Engine/Content/Functions/Engine_MaterialFunctions01/Opacity/CameraDepthFade.uasset" 12
"../../../Engine/Content/EngineMaterials/T_Default_Material_Grid_M.uasset" 13
"../../../Engine/Content/EngineMaterials/T_Default_Material_Grid_N.uasset" 14
"../../../Engine/Content/EngineMaterials/WorldGridMaterial.uasset" 15
"../../../SkeeTesting2/Content/Universal_Assets/JStick.uasset" 16
"../../../SkeeTesting2/Content/Universal_Assets/JStickBase.uasset" 17
"../../../SkeeTesting2/Content/Blueprint_Objects/Display_Joystick.uasset" 18
"../../../SkeeTesting2/Content/Blueprints/Enums_Structs/Credit_Slide.uasset" 19
"../../../SkeeTesting2/Content/Blueprints/Enums_Structs/Board_Data.uasset" 20
"../../../SkeeTesting2/Content/Blueprints/Enums_Structs/Button_Behavior.uasset" 21
"../../../SkeeTesting2/Content/Blueprints/Enums_Structs/GameModes.uasset" 22
"../../../SkeeTesting2/Content/Blueprints/Enums_Structs/Text_Themes.uasset" 23
"../../../SkeeTesting2/Content/Boards/Standard/Textures_Materials/PlayerSelect.uasset" 24
"../../../SkeeTesting2/Content/Blueprints/Number_Of_Players.uasset" 25
"../../../SkeeTesting2/Content/Boards/Standard/Textures_Materials/Drive_Scape_Texture.uasset" 26
"../../../SkeeTesting2/Content/Boards/Standard/Textures_Materials/Drive_Scape_Texture_Mat.uasset" 27
"../../../SkeeTesting2/Content/Boards/Standard/Meshes/DriveScape.uasset" 28
"../../../SkeeTesting2/Content/Blueprint_Objects/Scrolling_Background.uasset" 29
"../../../SkeeTesting2/Content/Boards/Standard/Textures_Materials/MP_Texture.uasset" 30
"../../../SkeeTesting2/Content/Boards/Standard/Textures_Materials/MP_Mat.uasset" 31
"../../../SkeeTesting2/Content/Boards/Standard/Meshes/MPLogo.uasset" 32
"../../../SkeeTesting2/Content/Blueprint_Objects/Spinning_MP.uasset" 33
"../../../SkeeTesting2/Content/Blueprints/Debug.uasset" 34
"../../../SkeeTesting2/Content/Blueprints/Enums_Structs/ArduinoSignal.uasset" 35
"../../../SkeeTesting2/Content/Blueprints/Arduino_Com.uasset" 36
"../../../SkeeTesting2/Content/Blueprints/Enums_Structs/Filtered_String.uasset" 37
"../../../SkeeTesting2/Content/Word_Filter.uasset" 38
"../../../SkeeTesting2/Content/Blueprints/Name_Mode.uasset" 39
"../../../SkeeTesting2/Content/Blueprints/Leaderboard.uasset" 40
"../../../SkeeTesting2/Content/Boards/Skate/Fonts/PoetsenOne-Regular.uasset" 41
"../../../SkeeTesting2/Content/Boards/Skate/Fonts/PoetsenOne-Regular_Font.uasset" 42
"../../../SkeeTesting2/Content/Boards/Skate/Fonts/Sick_Sketchlings.uasset" 43
"../../../SkeeTesting2/Content/Boards/Skate/Fonts/Sick_Sketchlings_Font.uasset" 44
"../../../SkeeTesting2/Content/Boards/Standard/Fonts/autoradiographic_rg.uasset" 45
"../../../SkeeTesting2/Content/Boards/Standard/Fonts/autoradiographic_rg_Font.uasset" 46
"../../../SkeeTesting2/Content/Boards/Standard/Fonts/CarterOne.uasset" 47
"../../../SkeeTesting2/Content/Boards/Standard/Fonts/CarterOne_Font.uasset" 48
"../../../SkeeTesting2/Content/Boards/Skate/Textures_Materials/MPSkateTexture.uasset" 49
"../../../SkeeTesting2/Content/Boards/Skate/Textures_Materials/MPSkateTexture_Mat.uasset" 50
"../../../SkeeTesting2/Content/Boards/Skate/Meshes/MPLogoSkate.uasset" 51
"../../../SkeeTesting2/Content/Boards/Standard/Textures_Materials/Workspace.uasset" 52
"../../../SkeeTesting2/Content/Boards/Standard/Textures_Materials/Workspace_Mat.uasset" 53
"../../../SkeeTesting2/Content/Boards/Skate/Meshes/ScrollingBGSkate.uasset" 54
"../../../SkeeTesting2/Content/Boards/Standard/Meshes/CreatorsMode.uasset" 55
"../../../SkeeTesting2/Content/Boards/Standard/Textures_Materials/ForwardArrow.uasset" 56
"../../../SkeeTesting2/Content/Boards/Standard/Textures_Materials/ForwardArrow_Mat.uasset" 57
"../../../SkeeTesting2/Content/Boards/Standard/Meshes/ForwardArrow.uasset" 58
"../../../SkeeTesting2/Content/Boards/Standard/Textures_Materials/ReverseArrow.uasset" 59
"../../../SkeeTesting2/Content/Boards/Standard/Textures_Materials/Reverse_Arrow_Mat.uasset" 60
"../../../SkeeTesting2/Content/Boards/Standard/Meshes/ReverseArrow.uasset" 61
"../../../SkeeTesting2/Content/Boards/Standard/Textures_Materials/Trophy2Texture.uasset" 62
"../../../SkeeTesting2/Content/Boards/Standard/Textures_Materials/Trophy2_Mat.uasset" 63
"../../../SkeeTesting2/Content/Boards/Standard/Meshes/Trophy2.uasset" 64
"../../../SkeeTesting2/Content/Boards/Standard/Textures_Materials/Crosshairs.uasset" 65
"../../../SkeeTesting2/Content/Board_Info.uasset" 66
"../../../SkeeTesting2/Content/Blueprints/Classic.uasset" 67
"../../../SkeeTesting2/Content/Blueprints/Error.uasset" 68
"../../../SkeeTesting2/Content/Universal_Assets/Development1.uasset" 69
"../../../SkeeTesting2/Content/Universal_Assets/JeremyF.uasset" 70
"../../../SkeeTesting2/Content/Universal_Assets/JethroS.uasset" 71
"../../../SkeeTesting2/Content/Universal_Assets/Kerry.uasset" 72
"../../../SkeeTesting2/Content/Universal_Assets/RobertH.uasset" 73
"../../../SkeeTesting2/Content/Universal_Assets/siteQR.uasset" 74
"../../../SkeeTesting2/Content/Blueprints/Creators.uasset" 75
"../../../SkeeTesting2/Content/Blueprints/Dev_Menu.uasset" 76
"../../../SkeeTesting2/Content/Blueprints/Input_Test.uasset" 77
"../../../SkeeTesting2/Content/Blueprints/Mode_Select.uasset" 78
"../../../SkeeTesting2/Content/Blueprints/Solenoid_Test.uasset" 79
"../../../SkeeTesting2/Content/Blueprints/Target.uasset" 80
"../../../SkeeTesting2/Content/Blueprint_Objects/Mode_Manager.uasset" 81
"../../../SkeeTesting2/Content/Universal_Assets/Button.uasset" 82
"../../../SkeeTesting2/Content/Universal_Assets/ButtonBase.uasset" 83
"../../../SkeeTesting2/Content/Blueprint_Objects/Display_Button.uasset" 84
"../../../SkeeTesting2/Content/Blueprints/Widget_Macros.uasset" 85
"../../../SkeeTesting2/Content/Blueprints/GMode_Template.uasset" 86
"../../../SkeeTesting2/Content/Boards/Skate/Fonts/Bombing.uasset" 87
"../../../SkeeTesting2/Content/Boards/Skate/Fonts/Bombing_Font.uasset" 88
"../../../SkeeTesting2/Content/Boards/Skate/Fonts/Street_2_Art.uasset" 89
"../../../SkeeTesting2/Content/Boards/Skate/Fonts/Street_2_Art_Font.uasset" 90
"../../../SkeeTesting2/Content/Boards/Standard/Audio/clock-ticking-2.uasset" 91
"../../../SkeeTesting2/Content/Boards/Standard/Fonts/hemi_head_bd_it.uasset" 92
"../../../SkeeTesting2/Content/Boards/Standard/Fonts/hemi_head_bd_it_Font.uasset" 93
"../../../SkeeTesting2/Content/Boards/Standard/Textures_Materials/Trophy.uasset" 94
"../../../SkeeTesting2/Content/Boards/Standard/Textures_Materials/Trophy_Mat.uasset" 95
"../../../SkeeTesting2/Content/Boards/Standard/Meshes/Trophy.uasset" 96
"../../../Engine/Content/EngineMaterials/DefaultMaterial.uasset" 97
"../../../Engine/Content/BasicShapes/Cone.uasset" 98
"../../../Engine/Content/BasicShapes/Cube.uasset" 99
"../../../Engine/Content/BasicShapes/Cylinder.uasset" 100
"../../../Engine/Content/BasicShapes/Plane.uasset" 101
"../../../Engine/Content/BasicShapes/Sphere.uasset" 102
"../../../Engine/Content/EditorLandscapeResources/DataLayer.uasset" 103
"../../../Engine/Content/EditorMaterials/GizmoMaterial.uasset" 104
"../../../Engine/Content/EditorMaterials/MAT_Groups_Toggle.uasset" 105
"../../../Engine/Content/EditorMaterials/MAT_Groups_Visibility.uasset" 106
"../../../Engine/Content/EditorMaterials/PreviewShadowIndicator.uasset" 107
"../../../Engine/Content/EditorMaterials/PreviewShadowIndicatorMaterial.uasset" 108
"../../../Engine/Content/EditorMaterials/MatineeGroups/MAT_ColorTrack.uasset" 109
"../../../Engine/Content/EditorMaterials/MatineeGroups/MAT_Groups_Anim.uasset" 110
"../../../Engine/Content/EditorMaterials/MatineeGroups/MAT_Groups_AudioMaster.uasset" 111
"../../../Engine/Content/EditorMaterials/MatineeGroups/MAT_Groups_Director.uasset" 112
"../../../Engine/Content/EditorMaterials/MatineeGroups/MAT_Groups_Event.uasset" 113
"../../../Engine/Content/EditorMaterials/MatineeGroups/MAT_Groups_Fade.uasset" 114
"../../../Engine/Content/EditorMaterials/MatineeGroups/MAT_Groups_Float.uasset" 115
"../../../Engine/Content/EditorMaterials/MatineeGroups/MAT_Groups_Move.uasset" 116
"../../../Engine/Content/EditorMaterials/MatineeGroups/MAT_Groups_Slomo.uasset" 117
"../../../Engine/Content/EditorMaterials/MatineeGroups/MAT_Groups_Sound.uasset" 118
"../../../Engine/Content/EditorMaterials/MatineeGroups/MAT_Groups_Vector.uasset" 119
"../../../Engine/Content/EditorMaterials/ParticleSystems/PSysThumbnail_NoImage.uasset" 120
"../../../Engine/Content/EditorMaterials/ParticleSystems/PSysThumbnail_OOD.uasset" 121
"../../../Engine/Content/EditorMaterials/Camera/CineMat.uasset" 122
"../../../Engine/Content/EditorMaterials/Camera/MI_CineMat_Rig.uasset" 123
"../../../Engine/Content/EditorMeshes/Camera/SM_CraneRig_Arm.uasset" 124
"../../../Engine/Content/EditorMeshes/Camera/SM_CraneRig_Base.uasset" 125
"../../../Engine/Content/EditorMeshes/Camera/SM_CraneRig_Body.uasset" 126
"../../../Engine/Content/EditorMeshes/Camera/SM_CraneRig_Mount.uasset" 127
"../../../Engine/Content/EditorMeshes/Camera/SM_RailRig_Mount.uasset" 128
"../../../Engine/Content/EditorMeshes/Camera/SM_RailRig_Track.uasset" 129
"../../../Engine/Content/EditorMeshes/ColorCalibrator/M_ChromeBall.uasset" 130
"../../../Engine/Content/EditorMeshes/ColorCalibrator/M_ClearCoat.uasset" 131
"../../../Engine/Content/EditorMeshes/ColorCalibrator/M_ClearCoatBlack.uasset" 132
"../../../Engine/Content/EditorMeshes/ColorCalibrator/Color_checker.uasset" 133
"../../../Engine/Content/EditorMeshes/ColorCalibrator/M_ColorGrid.uasset" 134
"../../../Engine/Content/EditorMeshes/ColorCalibrator/M_GreyBall.uasset" 135
"../../../Engine/Content/EditorMeshes/ColorCalibrator/SM_ColorCalibrator.uasset" 136
"../../../Engine/Content/EditorResources/BSPVertex.uasset" 137
"../../../Engine/Content/EditorResources/EmptyActor.uasset" 138
"../../../Engine/Content/EditorResources/S_Actor.uasset" 139
"../../../Engine/Content/EditorResources/S_Trigger.uasset" 140
"../../../Engine/Content/EditorResources/SequenceRecorder/Countdown.uasset" 141
"../../../Engine/Content/EditorResources/SequenceRecorder/RecordingIndicator.uasset" 142
"../../../Engine/Content/EditorSounds/Notifications/CompileFailed.uasset" 143
"../../../Engine/Content/EditorSounds/Notifications/CompileFailed_Cue.uasset" 144
"../../../Engine/Content/EditorSounds/Notifications/CompileSuccess.uasset" 145
"../../../Engine/Content/EditorSounds/Notifications/CompileStart_Cue.uasset" 146
"../../../Engine/Content/EditorSounds/Notifications/CompileSuccess_Cue.uasset" 147
"../../../Engine/Content/EngineDamageTypes/DmgTypeBP_Environmental.uasset" 148
"../../../Engine/Content/EngineDebugMaterials/HeatmapGradient.uasset" 149
"../../../Engine/Content/EngineDebugMaterials/BoneWeightMaterial.uasset" 150
"../../../Engine/Content/EngineDebugMaterials/ClothMaterial.uasset" 151
"../../../Engine/Content/EngineDebugMaterials/ClothMaterial_WF.uasset" 152
"../../../Engine/Content/EngineDebugMaterials/DebugEditorMaterial.uasset" 153
"../../../Engine/Content/EngineDebugMaterials/DebugMeshMaterial.uasset" 154
"../../../Engine/Content/EngineDebugMaterials/GeomMaterial.uasset" 155
"../../../Engine/Content/EngineFonts/Faces/RobotoBold.uasset" 156
"../../../Engine/Content/EngineFonts/Faces/RobotoBoldItalic.uasset" 157
"../../../Engine/Content/EngineFonts/Faces/RobotoItalic.uasset" 158
"../../../Engine/Content/EngineFonts/Faces/RobotoLight.uasset" 159
"../../../Engine/Content/EngineFonts/Faces/RobotoRegular.uasset" 160
"../../../Engine/Content/EngineFonts/Roboto.uasset" 161
"../../../Engine/Content/EngineFonts/Faces/RobotoTiny.uasset" 162
"../../../Engine/Content/EngineFonts/RobotoTiny.uasset" 163
"../../../Engine/Content/EngineMaterials/DefaultBloomKernel.uasset" 164
"../../../Engine/Content/EngineMaterials/DefaultBokeh.uasset" 165
"../../../Engine/Content/EngineMaterials/DefaultDiffuse.uasset" 166
"../../../Engine/Content/EngineMaterials/DefaultDeferredDecalMaterial.uasset" 167
"../../../Engine/Content/EngineMaterials/DefaultLightFunctionMaterial.uasset" 168
"../../../Engine/Content/EngineMaterials/DefaultPhysicalMaterial.uasset" 169
"../../../Engine/Content/Functions/Engine_MaterialFunctions02/Utility/BreakOutFloat2Components.uasset" 170
"../../../Engine/Content/EngineMaterials/DefaultPostProcessMaterial.uasset" 171
"../../../Engine/Content/EngineFonts/RobotoDistanceField.uasset" 172
"../../../Engine/Content/EngineMaterials/DefaultTextMaterialOpaque.uasset" 173
"../../../Engine/Content/EngineMaterials/DefaultWhiteGrid.uasset" 174
"../../../Engine/Content/EngineMaterials/EditorBrushMaterial.uasset" 175
"../../../Engine/Content/EngineMaterials/Good64x64TilingNoiseHighFreq.uasset" 176
"../../../Engine/Content/EngineMaterials/MiniFont.uasset" 177
"../../../Engine/Content/EngineMaterials/InvalidLightmapSettings.uasset" 178
"../../../Engine/Content/EngineMaterials/M_InvalidLightmapSettings.uasset" 179
"../../../Engine/Content/Functions/Engine_MaterialFunctions02/WorldPositionOffset/CameraOffset.uasset" 180
"../../../Engine/Content/EngineMaterials/PhAT_JointLimitMaterial.uasset" 181
"../../../Engine/Content/EngineMaterials/PreintegratedSkinBRDF.uasset" 182
"../../../Engine/Content/EngineMaterials/RemoveSurfaceMaterial.uasset" 183
"../../../Engine/Content/EngineMaterials/WeightMapPlaceholderTexture.uasset" 184
"../../../Engine/Content/EngineResources/WhiteSquareTexture.uasset" 185
"../../../Engine/Content/EngineMaterials/Widget3DPassThrough.uasset" 186
"../../../Engine/Content/EngineMaterials/Widget3DPassThrough_Masked.uasset" 187
"../../../Engine/Content/EngineMaterials/Widget3DPassThrough_Opaque.uasset" 188
"../../../Engine/Content/EngineMaterials/Widget3DPassThrough_Masked_OneSided.uasset" 189
"../../../Engine/Content/EngineMaterials/Widget3DPassThrough_Opaque_OneSided.uasset" 190
"../../../Engine/Content/EngineMaterials/Widget3DPassThrough_Translucent.uasset" 191
"../../../Engine/Content/EngineMaterials/Widget3DPassThrough_Translucent_OneSided.uasset" 192
"../../../Engine/Content/EngineMeshes/Cube.uasset" 193
"../../../Engine/Content/EngineMeshes/Cylinder.uasset" 194
"../../../Engine/Content/EngineMeshes/Sphere.uasset" 195
"../../../Engine/Content/EngineResources/Black.uasset" 196
"../../../Engine/Content/EngineResources/DefaultTexture.uasset" 197
"../../../Engine/Content/EngineResources/DefaultTextureCube.uasset" 198
"../../../Engine/Content/EngineResources/GradientTexture0.uasset" 199
"../../../Engine/Content/EngineSounds/Master.uasset" 200
"../../../Engine/Content/Functions/Engine_MaterialFunctions01/Shading/ConvertFromDiffSpec.uasset" 201
"../../../Engine/Content/Functions/Engine_MaterialFunctions01/Shading/PowerToRoughness.uasset" 202
"../../../Engine/Content/Maps/Templates/Thumbnails/Default.uasset" 203
"../../../Engine/Content/Maps/Templates/Thumbnails/VR-Basic.uasset" 204
"../../../Engine/Content/MobileResources/T_MobileControls_texture.uasset" 205
"../../../Engine/Content/MobileResources/T_MobileMenu2.uasset" 206
"../../../Engine/Content/MobileResources/HUD/AnalogHat.uasset" 207
"../../../Engine/Content/MobileResources/HUD/VirtualJoystick_Background.uasset" 208
"../../../Engine/Content/MobileResources/HUD/VirtualJoystick_Thumb.uasset" 209
"../../../Engine/Content/MobileResources/HUD/DefaultVirtualJoysticks.uasset" 210
"../../../Engine/Content/MobileResources/HUD/LeftVirtualJoystickOnly.uasset" 211
"../../../Engine/Content/MobileResources/HUD/MobileHUDButton1_off.uasset" 212
"../../../Engine/Content/MobileResources/HUD/MobileHUDButton1_on.uasset" 213
"../../../Engine/Content/MobileResources/HUD/MobileHUDButton2_off.uasset" 214
"../../../Engine/Content/MobileResources/HUD/MobileHUDButton2_on.uasset" 215
"../../../Engine/Content/MobileResources/HUD/MobileHUDButton3.uasset" 216
"../../../Engine/Content/MobileResources/HUD/MobileHUDButtonFire.uasset" 217
"../../../Engine/Content/MobileResources/HUD/MobileHUDDirectionPad.uasset" 218
"../../../Engine/Content/MobileResources/HUD/MobileHUDDirectionPad2.uasset" 219
"../../../Engine/Content/MobileResources/HUD/MobileHUDDirectionPad3.uasset" 220
"../../../Engine/Content/MobileResources/HUD/MobileHUDDirectionStick.uasset" 221
"../../../Engine/Content/MobileResources/HUD/T_Castle_ThumbstickInner.uasset" 222
"../../../Engine/Content/MobileResources/HUD/T_Castle_ThumbstickOutter.uasset" 223
"../../../Engine/Content/Tutorial/ContentIntroCurve.uasset" 224
"../../../Engine/Content/Tutorial/Basics/TutorialAssets/icon_tab_Levels_40x.uasset" 225
"../../../Engine/Content/Tutorial/BlueprintTutorials/TutorialAssets/BlueprintInterface_64x.uasset" 226
"../../../Engine/Content/Tutorial/BlueprintTutorials/TutorialAssets/BlueprintMacroLibrary_64x.uasset" 227
"../../../Engine/Content/Tutorial/BlueprintTutorials/TutorialAssets/Blueprint_64x.uasset" 228
"../../../Engine/Content/Tutorial/BlueprintTutorials/TutorialAssets/Tutorial_BP_Interface.uasset" 229
"../../../Engine/Content/Tutorial/Foliage/TutorialAssets/Foliage.uasset" 230
"../../../Engine/Content/Tutorial/Landscape/TutorialAssets/Landscape.uasset" 231
"../../../Engine/Content/Tutorial/Paper2D/TutorialAssets/Paper2DFlipbook_TutorialIcon.uasset" 232
"../../../Engine/Content/Tutorial/Paper2D/TutorialAssets/Paper2DSprite_TutorialIcon.uasset" 233
"../../../Engine/Content/Tutorial/SubEditors/TutorialAssets/icon_Editor_Preferences_General_40x.uasset" 234
"../../../Engine/Content/Tutorial/SubEditors/TutorialAssets/icon_ShowSkeletalMeshes_40x.uasset" 235
"../../../Engine/Content/Tutorial/SubEditors/TutorialAssets/TutorialMaterial.uasset" 236
"../../../Engine/Content/Tutorial/SubEditors/TutorialAssets/T_SmokeSubUV_8X8.uasset" 237
"../../../Engine/Content/Tutorial/SubEditors/TutorialAssets/T_soft_smoke.uasset" 238
"../../../Engine/Content/Tutorial/SubEditors/TutorialAssets/M_smoke_subUV_blackbody.uasset" 239
"../../../Engine/Content/Tutorial/SubEditors/TutorialAssets/TutorialParticleSystem.uasset" 240
"../../../Engine/Content/VREditor/Devices/Generic/GenericHMDMaterial.uasset" 241
"../../../Engine/Content/VREditor/Devices/Generic/GenericHMD.uasset" 242
"../../../Engine/Content/VREditor/FloatingText/LineMaterial.uasset" 243
"../../../Engine/Content/VREditor/FloatingText/JointSphere.uasset" 244
"../../../Engine/Content/VREditor/FloatingText/LineSegmentCylinder.uasset" 245
"../../../Engine/Content/VREditor/Fonts/VRText_RobotoLarge.uasset" 246
"../../../Engine/Content/VREditor/Fonts/VRTextMaterial.uasset" 247
"../../../Engine/Content/VREditor/Fonts/TranslucentVRTextMaterial.uasset" 248
"../../../Engine/Content/VREditor/LaserPointer/CursorPointer.uasset" 249
"../../../Engine/Content/VREditor/LaserPointer/VR_LaserPower_01.uasset" 250
"../../../Engine/Content/VREditor/TransformGizmo/TransformGizmoMaterial.uasset" 251
"../../../Engine/Content/VREditor/LaserPointer/HoverMaterial.uasset" 252
"../../../Engine/Content/VREditor/TransformGizmo/TranslucentTransformGizmoMaterial.uasset" 253
"../../../Engine/Content/VREditor/LaserPointer/TranslucentHoverMaterial.uasset" 254
"../../../Engine/Content/VREditor/LaserPointer/HoverMesh.uasset" 255
"../../../Engine/Content/VREditor/LaserPointer/LaserPointerMaterial.uasset" 256
"../../../Engine/Content/VREditor/LaserPointer/LaserPointerMaterialInst.uasset" 257
"../../../Engine/Content/VREditor/LaserPointer/TranslucentLaserPointerMaterialInst.uasset" 258
"../../../Engine/Content/VREditor/LaserPointer/LaserPointerMesh.uasset" 259
"../../../Engine/Content/VREditor/LaserPointer/LaserPointerMesh_End.uasset" 260
"../../../Engine/Content/VREditor/LaserPointer/LaserPointerMesh_Start.uasset" 261
"../../../Engine/Content/Functions/Engine_MaterialFunctions02/Utility/BreakOutFloat3Components.uasset" 262
"../../../Engine/Content/Functions/Engine_MaterialFunctions02/Math/Transform3x3Matrix.uasset" 263
"../../../Engine/Content/Functions/Engine_MaterialFunctions02/SplitComponents.uasset" 264
"../../../Engine/Content/Functions/Engine_MaterialFunctions02/Utility/MakeFloat3.uasset" 265
"../../../Engine/Content/VREditor/SnapGrid/SnapGridMaterial.uasset" 266
"../../../Engine/Content/VREditor/SnapGrid/SnapGridPlaneMesh.uasset" 267
"../../../Engine/Content/VREditor/Sounds/VR_teleport.uasset" 268
"../../../Engine/Content/VREditor/Sounds/UI/Click_on_Button_Cue.uasset" 269
"../../../Engine/Content/VREditor/Sounds/UI/Dockable_Window_Close.uasset" 270
"../../../Engine/Content/VREditor/Sounds/UI/Dockable_Window_Drop.uasset" 271
"../../../Engine/Content/VREditor/Sounds/UI/Dockable_Window_Open.uasset" 272
"../../../Engine/Content/VREditor/Sounds/UI/Dockable_Window_Pick_Up.uasset" 273
"../../../Engine/Content/VREditor/Sounds/UI/Drop_Item_From_ContentBrowser.uasset" 274
"../../../Engine/Content/VREditor/Sounds/UI/Floating_UI_Open-001.uasset" 275
"../../../Engine/Content/VREditor/Sounds/UI/Gizmo_Handle_Clicked.uasset" 276
"../../../Engine/Content/VREditor/Sounds/UI/Object_PickUp.uasset" 277
"../../../Engine/Content/VREditor/Sounds/UI/Object_Snaps_To_Another_Actor.uasset" 278
"../../../Engine/Content/VREditor/Sounds/UI/Object_Snaps_To_Grid.uasset" 279
"../../../Engine/Content/VREditor/Sounds/UI/Radial_Menu_FadeOut.uasset" 280
"../../../Engine/Content/VREditor/Sounds/UI/Scaling_Down.uasset" 281
"../../../Engine/Content/VREditor/Sounds/UI/Scaling_Up.uasset" 282
"../../../Engine/Content/VREditor/Sounds/UI/Selection_Changes.uasset" 283
"../../../Engine/Content/VREditor/Sounds/UI/Teleport_Mode_Entered.uasset" 284
"../../../Engine/Content/VREditor/Teleport/TeleportDirectionMaterial.uasset" 285
"../../../Engine/Content/VREditor/Teleport/TeleportDirectionMaterial_Inst.uasset" 286
"../../../Engine/Content/VREditor/Teleport/TeleportDirectionMesh.uasset" 287
"../../../Engine/Content/VREditor/TransformGizmo/BoundingBoxCorner.uasset" 288
"../../../Engine/Content/VREditor/TransformGizmo/BoundingBoxEdge.uasset" 289
"../../../Engine/Content/VREditor/TransformGizmo/PlaneTranslationHandle.uasset" 290
"../../../Engine/Content/VREditor/TransformGizmo/RotationHandleFull.uasset" 291
"../../../Engine/Content/VREditor/TransformGizmo/RotationHandleIndicator.uasset" 292
"../../../Engine/Content/VREditor/TransformGizmo/RotationHandleQuarter.uasset" 293
"../../../Engine/Content/VREditor/TransformGizmo/Main.uasset" 294
"../../../Engine/Content/VREditor/TransformGizmo/Xray.uasset" 295
"../../../Engine/Content/VREditor/TransformGizmo/SM_Dialog_Close.uasset" 296
"../../../Engine/Content/VREditor/TransformGizmo/SM_Dialog_Move.uasset" 297
"../../../Engine/Content/VREditor/TransformGizmo/SM_Sequencer_Key.uasset" 298
"../../../Engine/Content/VREditor/TransformGizmo/SM_Sequencer_Node.uasset" 299
"../../../Engine/Content/VREditor/TransformGizmo/StartRotationHandleIndicator.uasset" 300
"../../../Engine/Content/VREditor/TransformGizmo/TranslucentTransformGizmoMaterial_Inst.uasset" 301
"../../../Engine/Content/VREditor/TransformGizmo/TransformGizmoFreeRotation.uasset" 302
"../../../Engine/Content/VREditor/TransformGizmo/TransformGizmoMaterial_Inst.uasset" 303
"../../../Engine/Content/VREditor/TransformGizmo/TranslateArrowHandle.uasset" 304
"../../../Engine/Content/VREditor/TransformGizmo/UniformScaleHandle.uasset" 305
"../../../Engine/Content/VREditor/UI/KeyDiskMaterial.uasset" 306
"../../../Engine/Content/VREditor/UI/DiscMaterial.uasset" 307
"../../../Engine/Content/VREditor/UI/SM_Radial_Disk.uasset" 308
"../../../Engine/Content/Functions/Engine_MaterialFunctions01/Gradient/RadialGradient.uasset" 309
"../../../Engine/Content/VREditor/WorldMovementGrid/SimpleGrid.uasset" 310
"../../../Engine/Content/VREditor/WorldMovementGrid/GridMaterial.uasset" 311
"../../../Engine/Content/Functions/Engine_MaterialFunctions01/Density/ExponentialDensity.uasset" 312
"../../../Engine/Content/VREditor/WorldMovementGrid/GridPostProcess.uasset" 313
"../../../Engine/Content/EditorLandscapeResources/FlattenHeightMat.uasset" 314
"../../../Engine/Content/VREditor/WorldMovementGrid/PlaneMesh.uasset" 315
"../../../Engine/Plugins/2D/Paper2D/Content/PlaceholderTextures/DummySpriteTexture.uasset" 316
"../../../Engine/Plugins/2D/Paper2D/Content/DummySprite.uasset" 317
"../../../Engine/Plugins/2D/Paper2D/Content/DefaultPaperTerrainMaterial.uasset" 318
"../../../Engine/Plugins/2D/Paper2D/Content/DefaultSpriteMaterial.uasset" 319
"../../../Engine/Plugins/2D/Paper2D/Content/MaskedUnlitSpriteMaterial.uasset" 320
"../../../Engine/Plugins/2D/Paper2D/Content/OpaqueUnlitSpriteMaterial.uasset" 321
"../../../Engine/Plugins/Media/MediaCompositing/Content/DefaultMediaPlaneMaterial.uasset" 322
"../../../Engine/Content/Functions/Engine_MaterialFunctions02/Utility/MakeFloat4.uasset" 323
"../../../Engine/Plugins/Runtime/AppleARKit/Content/ARKitCameraMaterial.uasset" 324
"../../../Engine/Plugins/Runtime/Oculus/OculusVR/Content/Textures/GearVRController_AO.uasset" 325
"../../../Engine/Plugins/Runtime/Oculus/OculusVR/Content/Textures/GearVRController_Color.uasset" 326
"../../../Engine/Plugins/Runtime/Oculus/OculusVR/Content/Textures/GearVRController_Normal.uasset" 327
"../../../Engine/Plugins/Runtime/Oculus/OculusVR/Content/Materials/GearVRControllerMaterial.uasset" 328
"../../../Engine/Plugins/Runtime/Oculus/OculusVR/Content/Meshes/GearVrController.uasset" 329
"../../../SkeeTesting2/Content/SkeeballMap_BuiltData.uasset" 330
"../../../SkeeTesting2/Content/SkeeballMap.umap" 331
"../../../Engine/Content/Maps/Entry.umap" 332
